# JRE version: OpenJDK Runtime Environment (8.0_242-b01) (build 1.8.0_242-release-1644-b01)
# Java VM: OpenJDK 64-Bit Server VM (25.242-b01 mixed mode windows-amd64 compressed oops)
Heap:
 PSYoungGen      total 262656K, used 107326K [0x00000000d5580000, 0x00000000e9c80000, 0x0000000100000000)
  eden space 224768K, 40% used [0x00000000d5580000,0x00000000dadaf890,0x00000000e3100000)
  from space 37888K, 44% used [0x00000000e3100000,0x00000000e41a00f0,0x00000000e5600000)
  to   space 35840K, 0% used [0x00000000e7980000,0x00000000e7980000,0x00000000e9c80000)
 ParOldGen       total 196608K, used 64188K [0x0000000080000000, 0x000000008c000000, 0x00000000d5580000)
  object space 196608K, 32% used [0x0000000080000000,0x0000000083eaf100,0x000000008c000000)
 Metaspace       used 102774K, capacity 107304K, committed 107980K, reserved 1142784K
  class space    used 13477K, capacity 14425K, committed 14592K, reserved 1048576K
GC Heap History (10 events):
Event: 4645.908 GC heap before
{Heap before GC invocations=19 (full 3):
 PSYoungGen      total 207872K, used 199629K [0x00000000d5580000, 0x00000000e5600000, 0x0000000100000000)
  eden space 183808K, 100% used [0x00000000d5580000,0x00000000e0900000,0x00000000e0900000)
  from space 24064K, 65% used [0x00000000e0900000,0x00000000e18735c0,0x00000000e2080000)
  to   space 24576K, 0% used [0x00000000e3e00000,0x00000000e3e00000,0x00000000e5600000)
 ParOldGen       total 138240K, used 51852K [0x0000000080000000, 0x0000000088700000, 0x00000000d5580000)
  object space 138240K, 37% used [0x0000000080000000,0x00000000832a3120,0x0000000088700000)
 Metaspace       used 89997K, capacity 94346K, committed 94424K, reserved 1130496K
  class space    used 11814K, capacity 12730K, committed 12800K, reserved 1048576K
Event: 4645.957 GC heap after
Heap after GC invocations=19 (full 3):
 PSYoungGen      total 236032K, used 16568K [0x00000000d5580000, 0x00000000e5580000, 0x0000000100000000)
  eden space 211968K, 0% used [0x00000000d5580000,0x00000000d5580000,0x00000000e2480000)
  from space 24064K, 68% used [0x00000000e3e00000,0x00000000e4e2e338,0x00000000e5580000)
  to   space 25088K, 0% used [0x00000000e2480000,0x00000000e2480000,0x00000000e3d00000)
 ParOldGen       total 138240K, used 51860K [0x0000000080000000, 0x0000000088700000, 0x00000000d5580000)
  object space 138240K, 37% used [0x0000000080000000,0x00000000832a5120,0x0000000088700000)
 Metaspace       used 89997K, capacity 94346K, committed 94424K, reserved 1130496K
  class space    used 11814K, capacity 12730K, committed 12800K, reserved 1048576K
}
Event: 4649.640 GC heap before
{Heap before GC invocations=20 (full 3):
 PSYoungGen      total 236032K, used 136282K [0x00000000d5580000, 0x00000000e5580000, 0x0000000100000000)
  eden space 211968K, 56% used [0x00000000d5580000,0x00000000dca688b0,0x00000000e2480000)
  from space 24064K, 68% used [0x00000000e3e00000,0x00000000e4e2e338,0x00000000e5580000)
  to   space 25088K, 0% used [0x00000000e2480000,0x00000000e2480000,0x00000000e3d00000)
 ParOldGen       total 138240K, used 51860K [0x0000000080000000, 0x0000000088700000, 0x00000000d5580000)
  object space 138240K, 37% used [0x0000000080000000,0x00000000832a5120,0x0000000088700000)
 Metaspace       used 93692K, capacity 98162K, committed 98380K, reserved 1134592K
  class space    used 12271K, capacity 13180K, committed 13184K, reserved 1048576K
Event: 4649.692 GC heap after
Heap after GC invocations=20 (full 3):
 PSYoungGen      total 237056K, used 24340K [0x00000000d5580000, 0x00000000e7180000, 0x0000000100000000)
  eden space 211968K, 0% used [0x00000000d5580000,0x00000000d5580000,0x00000000e2480000)
  from space 25088K, 97% used [0x00000000e2480000,0x00000000e3c45240,0x00000000e3d00000)
  to   space 28160K, 0% used [0x00000000e5600000,0x00000000e5600000,0x00000000e7180000)
 ParOldGen       total 138240K, used 51868K [0x0000000080000000, 0x0000000088700000, 0x00000000d5580000)
  object space 138240K, 37% used [0x0000000080000000,0x00000000832a7120,0x0000000088700000)
 Metaspace       used 93692K, capacity 98162K, committed 98380K, reserved 1134592K
  class space    used 12271K, capacity 13180K, committed 13184K, reserved 1048576K
}
Event: 4649.692 GC heap before
{Heap before GC invocations=21 (full 4):
 PSYoungGen      total 237056K, used 24340K [0x00000000d5580000, 0x00000000e7180000, 0x0000000100000000)
  eden space 211968K, 0% used [0x00000000d5580000,0x00000000d5580000,0x00000000e2480000)
  from space 25088K, 97% used [0x00000000e2480000,0x00000000e3c45240,0x00000000e3d00000)
  to   space 28160K, 0% used [0x00000000e5600000,0x00000000e5600000,0x00000000e7180000)
 ParOldGen       total 138240K, used 51868K [0x0000000080000000, 0x0000000088700000, 0x00000000d5580000)
  object space 138240K, 37% used [0x0000000080000000,0x00000000832a7120,0x0000000088700000)
 Metaspace       used 93692K, capacity 98162K, committed 98380K, reserved 1134592K
  class space    used 12271K, capacity 13180K, committed 13184K, reserved 1048576K
Event: 4650.101 GC heap after
Heap after GC invocations=21 (full 4):
 PSYoungGen      total 237056K, used 0K [0x00000000d5580000, 0x00000000e7180000, 0x0000000100000000)
  eden space 211968K, 0% used [0x00000000d5580000,0x00000000d5580000,0x00000000e2480000)
  from space 25088K, 0% used [0x00000000e2480000,0x00000000e2480000,0x00000000e3d00000)
  to   space 28160K, 0% used [0x00000000e5600000,0x00000000e5600000,0x00000000e7180000)
 ParOldGen       total 196608K, used 49209K [0x0000000080000000, 0x000000008c000000, 0x00000000d5580000)
  object space 196608K, 25% used [0x0000000080000000,0x000000008300e7b8,0x000000008c000000)
 Metaspace       used 92802K, capacity 96500K, committed 98380K, reserved 1134592K
  class space    used 12091K, capacity 12852K, committed 13184K, reserved 1048576K
}
Event: 4653.092 GC heap before
{Heap before GC invocations=22 (full 4):
 PSYoungGen      total 237056K, used 211968K [0x00000000d5580000, 0x00000000e7180000, 0x0000000100000000)
  eden space 211968K, 100% used [0x00000000d5580000,0x00000000e2480000,0x00000000e2480000)
  from space 25088K, 0% used [0x00000000e2480000,0x00000000e2480000,0x00000000e3d00000)
  to   space 28160K, 0% used [0x00000000e5600000,0x00000000e5600000,0x00000000e7180000)
 ParOldGen       total 196608K, used 49209K [0x0000000080000000, 0x000000008c000000, 0x00000000d5580000)
  object space 196608K, 25% used [0x0000000080000000,0x000000008300e7b8,0x000000008c000000)
 Metaspace       used 96918K, capacity 101154K, committed 102092K, reserved 1138688K
  class space    used 12771K, capacity 13637K, committed 13824K, reserved 1048576K
Event: 4653.256 GC heap after
Heap after GC invocations=22 (full 4):
 PSYoungGen      total 252928K, used 28148K [0x00000000d5580000, 0x00000000e9480000, 0x0000000100000000)
  eden space 224768K, 0% used [0x00000000d5580000,0x00000000d5580000,0x00000000e3100000)
  from space 28160K, 99% used [0x00000000e5600000,0x00000000e717d3e0,0x00000000e7180000)
  to   space 37888K, 0% used [0x00000000e3100000,0x00000000e3100000,0x00000000e5600000)
 ParOldGen       total 196608K, used 64180K [0x0000000080000000, 0x000000008c000000, 0x00000000d5580000)
  object space 196608K, 32% used [0x0000000080000000,0x0000000083ead100,0x000000008c000000)
 Metaspace       used 96918K, capacity 101154K, committed 102092K, reserved 1138688K
  class space    used 12771K, capacity 13637K, committed 13824K, reserved 1048576K
}
Event: 4658.041 GC heap before
{Heap before GC invocations=23 (full 4):
 PSYoungGen      total 252928K, used 252916K [0x00000000d5580000, 0x00000000e9480000, 0x0000000100000000)
  eden space 224768K, 100% used [0x00000000d5580000,0x00000000e3100000,0x00000000e3100000)
  from space 28160K, 99% used [0x00000000e5600000,0x00000000e717d3e0,0x00000000e7180000)
  to   space 37888K, 0% used [0x00000000e3100000,0x00000000e3100000,0x00000000e5600000)
 ParOldGen       total 196608K, used 64180K [0x0000000080000000, 0x000000008c000000, 0x00000000d5580000)
  object space 196608K, 32% used [0x0000000080000000,0x0000000083ead100,0x000000008c000000)
 Metaspace       used 98657K, capacity 103064K, committed 103756K, reserved 1138688K
  class space    used 12936K, capacity 13828K, committed 13952K, reserved 1048576K
Event: 4658.090 GC heap after
Heap after GC invocations=23 (full 4):
 PSYoungGen      total 262656K, used 17024K [0x00000000d5580000, 0x00000000e9c80000, 0x0000000100000000)
  eden space 224768K, 0% used [0x00000000d5580000,0x00000000d5580000,0x00000000e3100000)
  from space 37888K, 44% used [0x00000000e3100000,0x00000000e41a00f0,0x00000000e5600000)
  to   space 35840K, 0% used [0x00000000e7980000,0x00000000e7980000,0x00000000e9c80000)
 ParOldGen       total 196608K, used 64188K [0x0000000080000000, 0x000000008c000000, 0x00000000d5580000)
  object space 196608K, 32% used [0x0000000080000000,0x0000000083eaf100,0x000000008c000000)
 Metaspace       used 98657K, capacity 103064K, committed 103756K, reserved 1138688K
  class space    used 12936K, capacity 13828K, committed 13952K, reserved 1048576K
}

